Resource Usage Report for PROC_SUBSYSTEM 

Mapping to part: m2s025vf256std
Cell usage:
CCC             1 use
CLKINT          11 uses
MSS_025         1 use
RCOSC_25_50MHZ  1 use
RCOSC_25_50MHZ_FAB  1 use
SYSRESET        1 use
UJTAG           1 use
CFG1           22 uses
CFG2           1193 uses
CFG3           4158 uses
CFG4           5560 uses

Carry cells:
ARI1            1013 uses - used for arithmetic functions
ARI1            111 uses - used for Wide-Mux implementation
Total ARI1      1124 uses


Sequential Cells: 
SLE            5633 uses

DSP Blocks:    2 of 34 (5%)
 MACC:         1 MultAdd
 MACC:         1 Mult

I/O ports: 77
I/O primitives: 68
BIBUF          18 uses
BIBUF_DIFF     2 uses
INBUF          11 uses
OUTBUF         36 uses
OUTBUF_DIFF    1 use


Global Clock Buffers: 11 of 8 (137%)


Total LUTs:    12057

Extra resources required for RAM and MACC interface logic during P&R:

RAM64x18 Interface Logic : SLEs = 288; LUTs = 288;
RAM1K18  Interface Logic : SLEs = 288; LUTs = 288;
MACC     Interface Logic : SLEs = 72; LUTs = 72;

Total number of SLEs after P&R:  5633 + 288 + 288 + 72 = 6281;
Total number of LUTs after P&R:  12057 + 288 + 288 + 72 = 12705;

