
Creating FlashPro Express Job Project...
Software Version: 11.7.0.119
creating folder: /home/user/CoreRISCV_AXI4/M2S025-Creative-Board-master/FlashProExpress/SF2_CoreRISCV_AXI4_BaseDesign
Embedded FlashPro5 programmer detected.
programmer 'E20010PSQS' : FlashPro5
Created new project '/home/user/CoreRISCV_AXI4/M2S025-Creative-Board-master/FlashProExpress/SF2_CoreRISCV_AXI4_BaseDesign/SF2_CoreRISCV_AXI4_BaseDesign.pro'
STAPL file '/home/user/CoreRISCV_AXI4/M2S025-Creative-Board-master/FlashProExpress/SF2_CoreRISCV_AXI4_BaseDesign/M2S025_1.stp' has been loaded successfully.
DESIGN : SF2_CoreRISCV_AXI4;  CHECKSUM : 1DF7;  ALG_VERSION : 2
creating folder: /home/user/CoreRISCV_AXI4/M2S025-Creative-Board-master/FlashProExpress/SF2_CoreRISCV_AXI4_BaseDesign/projectData
Software Version: 11.7.0.119
STAPL file '/home/user/CoreRISCV_AXI4/M2S025-Creative-Board-master/FlashProExpress/SF2_CoreRISCV_AXI4_BaseDesign/M2S025_1.stp' has been loaded successfully.
DESIGN : SF2_CoreRISCV_AXI4;  CHECKSUM : 1DF7;  ALG_VERSION : 2
Embedded FlashPro5 programmer detected.
programmer 'E20010PSQS' : FlashPro5

Created FlashPro Express Job Project.
programmer 'E20010PSQS' : Scan Chain...
Warning: programmer 'E20010PSQS' : Vpump has been selected on programmer AND an externally provided Vpump has also been detected. Using externally provided Vpump voltage source.
programmer 'E20010PSQS' : Check Chain...
programmer 'E20010PSQS' : Scan and Check Chain PASSED.
Warning: programmer 'E20010PSQS' : device 'M2S025' : Device authentication failure : Cannot find HSM public key required to validate device certificate.
programmer 'E20010PSQS' : device 'M2S025' : Executing action PROGRAM
programmer 'E20010PSQS' : device 'M2S025' : Family: SmartFusion2
programmer 'E20010PSQS' : device 'M2S025' : Product:      M2S025
programmer 'E20010PSQS' : device 'M2S025' : EXPORT ISC_ENABLE_RESULT[32] = 00756444
programmer 'E20010PSQS' : device 'M2S025' : EXPORT CRCERR: [1] = 0
programmer 'E20010PSQS' : device 'M2S025' : EXPORT EDCERR: [1] = 0
programmer 'E20010PSQS' : device 'M2S025' : TEMPGRADE: ROOM
programmer 'E20010PSQS' : device 'M2S025' : EXPORT VPPRANGE: [3] = 2
programmer 'E20010PSQS' : device 'M2S025' : VPPRANGE: HIGH
programmer 'E20010PSQS' : device 'M2S025' : EXPORT TEMP: [8] = 64
programmer 'E20010PSQS' : device 'M2S025' : EXPORT VPP: [8] = 75
programmer 'E20010PSQS' : device 'M2S025' : Programming FPGA Array and eNVM...
programmer 'E20010PSQS' : device 'M2S025' : EXPORT Fabric component digest[256] = 8ef41b18999205927985158a77b01939ced8b89c7b0140fda7676c11227460e2
programmer 'E20010PSQS' : device 'M2S025' : EXPORT eNVM component digest[256] = 6c48571f135eba70c470ab64a5a19ad005027c033b73127f4df8c4f5f677cda5
programmer 'E20010PSQS' : device 'M2S025' : ===================================================================================
programmer 'E20010PSQS' : device 'M2S025' : EXPORT DSN[128] = 244cbb55e711a177190501224ed8620e
programmer 'E20010PSQS' : device 'M2S025' : ===================================================================================
programmer 'E20010PSQS' : device 'M2S025' : Finished: Mon Nov 21 14:45:52 2016 (Elapsed time 00:02:01)
programmer 'E20010PSQS' : device 'M2S025' : Executing action PROGRAM PASSED.
programmer 'E20010PSQS' : Chain programming PASSED.
Chain Programming Finished: Mon Nov 21 14:45:52 2016 (Elapsed time 00:02:01)

                        o - o - o - o - o - o

Project saved.
Project closed.
